Traceback (most recent call last):
  File "/opt/hostedtoolcache/Python/3.11.6/x64/lib/python3.11/site-packages/jupyter_cache/executors/utils.py", line 58, in single_nb_execution
    executenb(
  File "/opt/hostedtoolcache/Python/3.11.6/x64/lib/python3.11/site-packages/nbclient/client.py", line 1305, in execute
    return NotebookClient(nb=nb, resources=resources, km=km, **kwargs).execute()
           ^^^^^^^^^^^^^^^^^^^^^^^^^^^^^^^^^^^^^^^^^^^^^^^^^^^^^^^^^^^^^^^^^^^^^
  File "/opt/hostedtoolcache/Python/3.11.6/x64/lib/python3.11/site-packages/jupyter_core/utils/__init__.py", line 173, in wrapped
    return loop.run_until_complete(inner)
           ^^^^^^^^^^^^^^^^^^^^^^^^^^^^^^
  File "/opt/hostedtoolcache/Python/3.11.6/x64/lib/python3.11/asyncio/base_events.py", line 653, in run_until_complete
    return future.result()
           ^^^^^^^^^^^^^^^
  File "/opt/hostedtoolcache/Python/3.11.6/x64/lib/python3.11/site-packages/nbclient/client.py", line 705, in async_execute
    await self.async_execute_cell(
  File "/opt/hostedtoolcache/Python/3.11.6/x64/lib/python3.11/site-packages/nbclient/client.py", line 1058, in async_execute_cell
    await self._check_raise_for_error(cell, cell_index, exec_reply)
  File "/opt/hostedtoolcache/Python/3.11.6/x64/lib/python3.11/site-packages/nbclient/client.py", line 914, in _check_raise_for_error
    raise CellExecutionError.from_cell_and_msg(cell, exec_reply_content)
nbclient.exceptions.CellExecutionError: An error occurred while executing the following cell:
------------------
# NMOT conditions
effective_irradiance=800 #W/m2
temp_cell=42 #°C, NMOT

# adjust the reference parameters according to the operating
# conditions using the De Soto model:
I_L_NMOT, I_o_NMOT, R_s_NMOT, R_sh_NMOT, a_NMOT = pvlib.pvsystem.calcparams_desoto(
    effective_irradiance,
    temp_cell,
    alpha_sc,
    a_ref,
    I_L_ref,
    I_o_ref,
    R_sh_ref,
    R_s,
    EgRef,
    dEgdT, 
    irrad_ref=1000, # Reference conditions at which input single diode model parameters are given (STC)
    temp_ref=25
)
n_NMOT=a_NMOT/(cells_in_series*(kB*(temp_cell+273.15)/q))
#Print single-diode model parameters
print("IL =", round(float(I_L_NMOT), 2), "(A)", "I0 =", '{:0.3e}'.format(float(I_o_NMOT)), "(A)", "Rs =", round(float(R_s_NMOT), 3), "(ohms)", "Rp =", round(float(R_sh_NMOT), 1), "(ohms)", "n =", round(float(n), 2))

------------------


[0;31m---------------------------------------------------------------------------[0m
[0;31mNameError[0m                                 Traceback (most recent call last)
Cell [0;32mIn[3], line 23[0m
[1;32m     21[0m n_NMOT[38;5;241m=[39ma_NMOT[38;5;241m/[39m(cells_in_series[38;5;241m*[39m(kB[38;5;241m*[39m(temp_cell[38;5;241m+[39m[38;5;241m273.15[39m)[38;5;241m/[39mq))
[1;32m     22[0m [38;5;66;03m#Print single-diode model parameters[39;00m
[0;32m---> 23[0m [38;5;28mprint[39m([38;5;124m"[39m[38;5;124mIL =[39m[38;5;124m"[39m, [38;5;28mround[39m([38;5;28mfloat[39m(I_L_NMOT), [38;5;241m2[39m), [38;5;124m"[39m[38;5;124m(A)[39m[38;5;124m"[39m, [38;5;124m"[39m[38;5;124mI0 =[39m[38;5;124m"[39m, [38;5;124m'[39m[38;5;132;01m{:0.3e}[39;00m[38;5;124m'[39m[38;5;241m.[39mformat([38;5;28mfloat[39m(I_o_NMOT)), [38;5;124m"[39m[38;5;124m(A)[39m[38;5;124m"[39m, [38;5;124m"[39m[38;5;124mRs =[39m[38;5;124m"[39m, [38;5;28mround[39m([38;5;28mfloat[39m(R_s_NMOT), [38;5;241m3[39m), [38;5;124m"[39m[38;5;124m(ohms)[39m[38;5;124m"[39m, [38;5;124m"[39m[38;5;124mRp =[39m[38;5;124m"[39m, [38;5;28mround[39m([38;5;28mfloat[39m(R_sh_NMOT), [38;5;241m1[39m), [38;5;124m"[39m[38;5;124m(ohms)[39m[38;5;124m"[39m, [38;5;124m"[39m[38;5;124mn =[39m[38;5;124m"[39m, [38;5;28mround[39m([38;5;28mfloat[39m([43mn[49m), [38;5;241m2[39m))

[0;31mNameError[0m: name 'n' is not defined

