Traceback (most recent call last):
  File "/opt/hostedtoolcache/Python/3.11.8/x64/lib/python3.11/site-packages/jupyter_cache/executors/utils.py", line 58, in single_nb_execution
    executenb(
  File "/opt/hostedtoolcache/Python/3.11.8/x64/lib/python3.11/site-packages/nbclient/client.py", line 1314, in execute
    return NotebookClient(nb=nb, resources=resources, km=km, **kwargs).execute()
           ^^^^^^^^^^^^^^^^^^^^^^^^^^^^^^^^^^^^^^^^^^^^^^^^^^^^^^^^^^^^^^^^^^^^^
  File "/opt/hostedtoolcache/Python/3.11.8/x64/lib/python3.11/site-packages/jupyter_core/utils/__init__.py", line 165, in wrapped
    return loop.run_until_complete(inner)
           ^^^^^^^^^^^^^^^^^^^^^^^^^^^^^^
  File "/opt/hostedtoolcache/Python/3.11.8/x64/lib/python3.11/asyncio/base_events.py", line 654, in run_until_complete
    return future.result()
           ^^^^^^^^^^^^^^^
  File "/opt/hostedtoolcache/Python/3.11.8/x64/lib/python3.11/site-packages/nbclient/client.py", line 709, in async_execute
    await self.async_execute_cell(
  File "/opt/hostedtoolcache/Python/3.11.8/x64/lib/python3.11/site-packages/nbclient/client.py", line 1062, in async_execute_cell
    await self._check_raise_for_error(cell, cell_index, exec_reply)
  File "/opt/hostedtoolcache/Python/3.11.8/x64/lib/python3.11/site-packages/nbclient/client.py", line 918, in _check_raise_for_error
    raise CellExecutionError.from_cell_and_msg(cell, exec_reply_content)
nbclient.exceptions.CellExecutionError: An error occurred while executing the following cell:
------------------
# Load nk and solar spectrum data
# We assume the data is in the same folder as the notebook file

#Data columns: wavelength(nm) refractive_index extinction_coefficient
Si_nk = np.loadtxt("Si_nk.txt", skiprows=2, delimiter='\t')

#Data columns: wavelength(nm) spectral_irradiance (W·m-2·nm-1)
AM15G = np.loadtxt("am15g_G173_W.txt", skiprows=1, delimiter='\t')

------------------


[0;31m---------------------------------------------------------------------------[0m
[0;31mFileNotFoundError[0m                         Traceback (most recent call last)
Cell [0;32mIn[2], line 5[0m
[1;32m      1[0m [38;5;66;03m# Load nk and solar spectrum data[39;00m
[1;32m      2[0m [38;5;66;03m# We assume the data is in the same folder as the notebook file[39;00m
[1;32m      3[0m 
[1;32m      4[0m [38;5;66;03m#Data columns: wavelength(nm) refractive_index extinction_coefficient[39;00m
[0;32m----> 5[0m Si_nk [38;5;241m=[39m [43mnp[49m[38;5;241;43m.[39;49m[43mloadtxt[49m[43m([49m[38;5;124;43m"[39;49m[38;5;124;43mSi_nk.txt[39;49m[38;5;124;43m"[39;49m[43m,[49m[43m [49m[43mskiprows[49m[38;5;241;43m=[39;49m[38;5;241;43m2[39;49m[43m,[49m[43m [49m[43mdelimiter[49m[38;5;241;43m=[39;49m[38;5;124;43m'[39;49m[38;5;130;43;01m\t[39;49;00m[38;5;124;43m'[39;49m[43m)[49m
[1;32m      7[0m [38;5;66;03m#Data columns: wavelength(nm) spectral_irradiance (W·m-2·nm-1)[39;00m
[1;32m      8[0m AM15G [38;5;241m=[39m np[38;5;241m.[39mloadtxt([38;5;124m"[39m[38;5;124mam15g_G173_W.txt[39m[38;5;124m"[39m, skiprows[38;5;241m=[39m[38;5;241m1[39m, delimiter[38;5;241m=[39m[38;5;124m'[39m[38;5;130;01m\t[39;00m[38;5;124m'[39m)

File [0;32m/opt/hostedtoolcache/Python/3.11.8/x64/lib/python3.11/site-packages/numpy/lib/npyio.py:1373[0m, in [0;36mloadtxt[0;34m(fname, dtype, comments, delimiter, converters, skiprows, usecols, unpack, ndmin, encoding, max_rows, quotechar, like)[0m
[1;32m   1370[0m [38;5;28;01mif[39;00m [38;5;28misinstance[39m(delimiter, [38;5;28mbytes[39m):
[1;32m   1371[0m     delimiter [38;5;241m=[39m delimiter[38;5;241m.[39mdecode([38;5;124m'[39m[38;5;124mlatin1[39m[38;5;124m'[39m)
[0;32m-> 1373[0m arr [38;5;241m=[39m [43m_read[49m[43m([49m[43mfname[49m[43m,[49m[43m [49m[43mdtype[49m[38;5;241;43m=[39;49m[43mdtype[49m[43m,[49m[43m [49m[43mcomment[49m[38;5;241;43m=[39;49m[43mcomment[49m[43m,[49m[43m [49m[43mdelimiter[49m[38;5;241;43m=[39;49m[43mdelimiter[49m[43m,[49m
[1;32m   1374[0m [43m            [49m[43mconverters[49m[38;5;241;43m=[39;49m[43mconverters[49m[43m,[49m[43m [49m[43mskiplines[49m[38;5;241;43m=[39;49m[43mskiprows[49m[43m,[49m[43m [49m[43musecols[49m[38;5;241;43m=[39;49m[43musecols[49m[43m,[49m
[1;32m   1375[0m [43m            [49m[43munpack[49m[38;5;241;43m=[39;49m[43munpack[49m[43m,[49m[43m [49m[43mndmin[49m[38;5;241;43m=[39;49m[43mndmin[49m[43m,[49m[43m [49m[43mencoding[49m[38;5;241;43m=[39;49m[43mencoding[49m[43m,[49m
[1;32m   1376[0m [43m            [49m[43mmax_rows[49m[38;5;241;43m=[39;49m[43mmax_rows[49m[43m,[49m[43m [49m[43mquote[49m[38;5;241;43m=[39;49m[43mquotechar[49m[43m)[49m
[1;32m   1378[0m [38;5;28;01mreturn[39;00m arr

File [0;32m/opt/hostedtoolcache/Python/3.11.8/x64/lib/python3.11/site-packages/numpy/lib/npyio.py:992[0m, in [0;36m_read[0;34m(fname, delimiter, comment, quote, imaginary_unit, usecols, skiplines, max_rows, converters, ndmin, unpack, dtype, encoding)[0m
[1;32m    990[0m     fname [38;5;241m=[39m os[38;5;241m.[39mfspath(fname)
[1;32m    991[0m [38;5;28;01mif[39;00m [38;5;28misinstance[39m(fname, [38;5;28mstr[39m):
[0;32m--> 992[0m     fh [38;5;241m=[39m [43mnp[49m[38;5;241;43m.[39;49m[43mlib[49m[38;5;241;43m.[39;49m[43m_datasource[49m[38;5;241;43m.[39;49m[43mopen[49m[43m([49m[43mfname[49m[43m,[49m[43m [49m[38;5;124;43m'[39;49m[38;5;124;43mrt[39;49m[38;5;124;43m'[39;49m[43m,[49m[43m [49m[43mencoding[49m[38;5;241;43m=[39;49m[43mencoding[49m[43m)[49m
[1;32m    993[0m     [38;5;28;01mif[39;00m encoding [38;5;129;01mis[39;00m [38;5;28;01mNone[39;00m:
[1;32m    994[0m         encoding [38;5;241m=[39m [38;5;28mgetattr[39m(fh, [38;5;124m'[39m[38;5;124mencoding[39m[38;5;124m'[39m, [38;5;124m'[39m[38;5;124mlatin1[39m[38;5;124m'[39m)

File [0;32m/opt/hostedtoolcache/Python/3.11.8/x64/lib/python3.11/site-packages/numpy/lib/_datasource.py:193[0m, in [0;36mopen[0;34m(path, mode, destpath, encoding, newline)[0m
[1;32m    156[0m [38;5;250m[39m[38;5;124;03m"""[39;00m
[1;32m    157[0m [38;5;124;03mOpen `path` with `mode` and return the file object.[39;00m
[1;32m    158[0m 
[0;32m   (...)[0m
[1;32m    189[0m 
[1;32m    190[0m [38;5;124;03m"""[39;00m
[1;32m    192[0m ds [38;5;241m=[39m DataSource(destpath)
[0;32m--> 193[0m [38;5;28;01mreturn[39;00m [43mds[49m[38;5;241;43m.[39;49m[43mopen[49m[43m([49m[43mpath[49m[43m,[49m[43m [49m[43mmode[49m[43m,[49m[43m [49m[43mencoding[49m[38;5;241;43m=[39;49m[43mencoding[49m[43m,[49m[43m [49m[43mnewline[49m[38;5;241;43m=[39;49m[43mnewline[49m[43m)[49m

File [0;32m/opt/hostedtoolcache/Python/3.11.8/x64/lib/python3.11/site-packages/numpy/lib/_datasource.py:533[0m, in [0;36mDataSource.open[0;34m(self, path, mode, encoding, newline)[0m
[1;32m    530[0m     [38;5;28;01mreturn[39;00m _file_openers[ext](found, mode[38;5;241m=[39mmode,
[1;32m    531[0m                               encoding[38;5;241m=[39mencoding, newline[38;5;241m=[39mnewline)
[1;32m    532[0m [38;5;28;01melse[39;00m:
[0;32m--> 533[0m     [38;5;28;01mraise[39;00m [38;5;167;01mFileNotFoundError[39;00m([38;5;124mf[39m[38;5;124m"[39m[38;5;132;01m{[39;00mpath[38;5;132;01m}[39;00m[38;5;124m not found.[39m[38;5;124m"[39m)

[0;31mFileNotFoundError[0m: Si_nk.txt not found.

